Using pre-set license
Built from '2020.3/staging' branch; Version is '2020.3.33f1 (915a7af8b0d5) revision 9525882'; Using compiler version '192528614'; Build Type 'Release'
OS: 'Windows 10  (10.0.19043) 64bit Core' Language: 'de' Physical Memory: 16318 MB
BatchMode: 1, IsHumanControllingUs: 0, StartBugReporterOnCrash: 0, Is64bit: 1, IsPro: 0

COMMAND LINE ARGUMENTS:
C:\Program Files\Unity\Hub\Editor\2020.3.33f1\Editor\Unity.exe
-adb2
-batchMode
-noUpm
-name
AssetImportWorker0
-projectPath
D:/Unity/Unity_Projects/New Unity Project
-logFile
Logs/AssetImportWorker0.log
-srvPort
53535
Successfully changed project path to: D:/Unity/Unity_Projects/New Unity Project
D:/Unity/Unity_Projects/New Unity Project
Using Asset Import Pipeline V2.
Refreshing native plugins compatible for Editor in 49.07 ms, found 2 plugins.
Preloading 0 native plugins for Editor in 0.00 ms.
Initialize engine version: 2020.3.33f1 (915a7af8b0d5)
[Subsystems] Discovering subsystems at path C:/Program Files/Unity/Hub/Editor/2020.3.33f1/Editor/Data/Resources/UnitySubsystems
[Subsystems] Discovering subsystems at path D:/Unity/Unity_Projects/New Unity Project/Assets
GfxDevice: creating device client; threaded=0
Direct3D:
    Version:  Direct3D 11.0 [level 11.1]
    Renderer: NVIDIA GeForce GTX 1080 (ID=0x1b80)
    Vendor:   
    VRAM:     8079 MB
    Driver:   30.0.15.1295
Initialize mono
Mono path[0] = 'C:/Program Files/Unity/Hub/Editor/2020.3.33f1/Editor/Data/Managed'
Mono path[1] = 'C:/Program Files/Unity/Hub/Editor/2020.3.33f1/Editor/Data/MonoBleedingEdge/lib/mono/unityjit'
Mono config path = 'C:/Program Files/Unity/Hub/Editor/2020.3.33f1/Editor/Data/MonoBleedingEdge/etc'
Using monoOptions --debugger-agent=transport=dt_socket,embedding=1,server=y,suspend=n,address=127.0.0.1:56744
Begin MonoManager ReloadAssembly
Registering precompiled unity dll's ...
Register platform support module: C:/Program Files/Unity/Hub/Editor/2020.3.33f1/Editor/Data/PlaybackEngines/WindowsStandaloneSupport/UnityEditor.WindowsStandalone.Extensions.dll
Registered in 0.002086 seconds.
Native extension for WindowsStandalone target not found
Refreshing native plugins compatible for Editor in 46.88 ms, found 2 plugins.
Preloading 0 native plugins for Editor in 0.00 ms.
Mono: successfully reloaded assembly
- Completed reload, in  0.589 seconds
Domain Reload Profiling:
	ReloadAssembly (590ms)
		BeginReloadAssembly (63ms)
			ExecutionOrderSort (0ms)
			DisableScriptedObjects (0ms)
			BackupInstance (0ms)
			ReleaseScriptingObjects (0ms)
			CreateAndSetChildDomain (1ms)
		EndReloadAssembly (451ms)
			LoadAssemblies (60ms)
			RebuildTransferFunctionScriptingTraits (0ms)
			SetupTypeCache (153ms)
			ReleaseScriptCaches (0ms)
			RebuildScriptCaches (29ms)
			SetupLoadedEditorAssemblies (170ms)
				LogAssemblyErrors (0ms)
				InitializePlatformSupportModulesInManaged (4ms)
				SetLoadedEditorAssemblies (0ms)
				RefreshPlugins (47ms)
				BeforeProcessingInitializeOnLoad (8ms)
				ProcessInitializeOnLoadAttributes (83ms)
				ProcessInitializeOnLoadMethodAttributes (28ms)
				AfterProcessingInitializeOnLoad (0ms)
				EditorAssembliesLoaded (0ms)
			ExecutionOrderSort2 (0ms)
			AwakeInstancesAfterBackupRestoration (0ms)
Platform modules already initialized, skipping
Registering precompiled user dll's ...
Registered in 0.005073 seconds.
Begin MonoManager ReloadAssembly
Symbol file LoadedFromMemory doesn't match image D:\Unity\Unity_Projects\New Unity Project\Library\PackageCache\com.unity.collab-proxy@1.15.15\Lib\Editor\PlasticSCM\unityplastic.dll
Native extension for WindowsStandalone target not found
Refreshing native plugins compatible for Editor in 0.58 ms, found 2 plugins.
Preloading 0 native plugins for Editor in 0.00 ms.
Mono: successfully reloaded assembly
- Completed reload, in  1.041 seconds
Domain Reload Profiling:
	ReloadAssembly (1042ms)
		BeginReloadAssembly (162ms)
			ExecutionOrderSort (0ms)
			DisableScriptedObjects (5ms)
			BackupInstance (0ms)
			ReleaseScriptingObjects (0ms)
			CreateAndSetChildDomain (24ms)
		EndReloadAssembly (816ms)
			LoadAssemblies (97ms)
			RebuildTransferFunctionScriptingTraits (0ms)
			SetupTypeCache (286ms)
			ReleaseScriptCaches (0ms)
			RebuildScriptCaches (44ms)
			SetupLoadedEditorAssemblies (308ms)
				LogAssemblyErrors (0ms)
				InitializePlatformSupportModulesInManaged (5ms)
				SetLoadedEditorAssemblies (0ms)
				RefreshPlugins (1ms)
				BeforeProcessingInitializeOnLoad (66ms)
				ProcessInitializeOnLoadAttributes (214ms)
				ProcessInitializeOnLoadMethodAttributes (15ms)
				AfterProcessingInitializeOnLoad (7ms)
				EditorAssembliesLoaded (0ms)
			ExecutionOrderSort2 (0ms)
			AwakeInstancesAfterBackupRestoration (6ms)
Platform modules already initialized, skipping
========================================================================
Worker process is ready to serve import requests
Launched and connected shader compiler UnityShaderCompiler.exe after 0.05 seconds
Refreshing native plugins compatible for Editor in 0.55 ms, found 2 plugins.
Preloading 0 native plugins for Editor in 0.00 ms.
Unloading 1913 Unused Serialized files (Serialized files now loaded: 0)
System memory in use before: 82.9 MB.
System memory in use after: 83.0 MB.

Unloading 39 unused Assets to reduce memory usage. Loaded Objects now: 2338.
Total: 2.762400 ms (FindLiveObjects: 0.145200 ms CreateObjectMapping: 0.050200 ms MarkObjects: 2.534500 ms  DeleteObjects: 0.031600 ms)

AssetImportParameters requested are different than current active one (requested -> active):
  custom:framework-win-MediaFoundation: 216162199b28c13a410421893ffa2e32 -> 
  custom:video-decoder-ogg-theora: a1e56fd34408186e4bbccfd4996cb3dc -> 
  custom:container-muxer-webm: aa71ff27fc2769a1b78a27578f13a17b -> 
  custom:container-demuxer-webm: 4f35f7cbe854078d1ac9338744f61a02 -> 
  custom:container-demuxer-ogg: 62fdf1f143b41e24485cea50d1cbac27 -> 
  custom:video-encoder-webm-vp8: eb34c28f22e8b96e1ab97ce403110664 -> 
  custom:video-decoder-webm-vp8: 9c59270c3fd7afecdb556c50c9e8de78 -> 
  custom:audio-decoder-ogg-vorbis: bf7c407c2cedff20999df2af8eb42d56 -> 
  custom:audio-encoder-webm-vorbis: bf7c407c2cedff20999df2af8eb42d56 -> 
========================================================================
Received Import Request.
  path: Assets/idino_assets_final/title_screen.png
  artifactKey: Guid(9f749931543f87a4681fb44d8b8e4739) Importer(815301076,1909f56bfc062723c751e8b465ee728b)
Start importing Assets/idino_assets_final/title_screen.png using Guid(9f749931543f87a4681fb44d8b8e4739) Importer(815301076,1909f56bfc062723c751e8b465ee728b)  -> (artifact id: '138441c5f4cfedbc617f224447288800') in 0.129706 seconds 
========================================================================
Received Import Request.
  Time since last request: 434.221047 seconds.
  path: Assets/Creator Kit - RPG/Scenes/TitleScreen.unity
  artifactKey: Guid(957795a126b39ac4bbfb2e7182ffbde1) Importer(815301076,1909f56bfc062723c751e8b465ee728b)
Start importing Assets/Creator Kit - RPG/Scenes/TitleScreen.unity using Guid(957795a126b39ac4bbfb2e7182ffbde1) Importer(815301076,1909f56bfc062723c751e8b465ee728b)  -> (artifact id: '58ad347186f21bdc39118d0069386a0a') in 0.007391 seconds 
========================================================================
Received Prepare
Registering precompiled user dll's ...
Registered in 0.002639 seconds.
Begin MonoManager ReloadAssembly
Symbol file LoadedFromMemory doesn't match image D:\Unity\Unity_Projects\New Unity Project\Library\PackageCache\com.unity.collab-proxy@1.15.15\Lib\Editor\PlasticSCM\unityplastic.dll
Native extension for WindowsStandalone target not found
Refreshing native plugins compatible for Editor in 0.63 ms, found 2 plugins.
Preloading 0 native plugins for Editor in 0.00 ms.
Mono: successfully reloaded assembly
- Completed reload, in  0.944 seconds
Domain Reload Profiling:
	ReloadAssembly (944ms)
		BeginReloadAssembly (126ms)
			ExecutionOrderSort (0ms)
			DisableScriptedObjects (6ms)
			BackupInstance (0ms)
			ReleaseScriptingObjects (0ms)
			CreateAndSetChildDomain (37ms)
		EndReloadAssembly (755ms)
			LoadAssemblies (99ms)
			RebuildTransferFunctionScriptingTraits (0ms)
			SetupTypeCache (266ms)
			ReleaseScriptCaches (1ms)
			RebuildScriptCaches (46ms)
			SetupLoadedEditorAssemblies (263ms)
				LogAssemblyErrors (0ms)
				InitializePlatformSupportModulesInManaged (5ms)
				SetLoadedEditorAssemblies (0ms)
				RefreshPlugins (1ms)
				BeforeProcessingInitializeOnLoad (55ms)
				ProcessInitializeOnLoadAttributes (184ms)
				ProcessInitializeOnLoadMethodAttributes (11ms)
				AfterProcessingInitializeOnLoad (7ms)
				EditorAssembliesLoaded (0ms)
			ExecutionOrderSort2 (0ms)
			AwakeInstancesAfterBackupRestoration (7ms)
Platform modules already initialized, skipping
Refreshing native plugins compatible for Editor in 0.57 ms, found 2 plugins.
Preloading 0 native plugins for Editor in 0.00 ms.
Unloading 1894 Unused Serialized files (Serialized files now loaded: 0)
System memory in use before: 84.5 MB.
System memory in use after: 84.6 MB.

Unloading 31 unused Assets to reduce memory usage. Loaded Objects now: 2347.
Total: 2.730400 ms (FindLiveObjects: 0.154100 ms CreateObjectMapping: 0.054800 ms MarkObjects: 2.495800 ms  DeleteObjects: 0.024900 ms)

AssetImportParameters requested are different than current active one (requested -> active):
  custom:framework-win-MediaFoundation: 216162199b28c13a410421893ffa2e32 -> 
  custom:video-decoder-ogg-theora: a1e56fd34408186e4bbccfd4996cb3dc -> 
  custom:container-muxer-webm: aa71ff27fc2769a1b78a27578f13a17b -> 
  custom:container-demuxer-webm: 4f35f7cbe854078d1ac9338744f61a02 -> 
  custom:container-demuxer-ogg: 62fdf1f143b41e24485cea50d1cbac27 -> 
  custom:video-encoder-webm-vp8: eb34c28f22e8b96e1ab97ce403110664 -> 
  custom:video-decoder-webm-vp8: 9c59270c3fd7afecdb556c50c9e8de78 -> 
  custom:audio-decoder-ogg-vorbis: bf7c407c2cedff20999df2af8eb42d56 -> 
  custom:audio-encoder-webm-vorbis: bf7c407c2cedff20999df2af8eb42d56 -> 
========================================================================
Received Prepare
Registering precompiled user dll's ...
Registered in 0.002996 seconds.
Begin MonoManager ReloadAssembly
Symbol file LoadedFromMemory doesn't match image D:\Unity\Unity_Projects\New Unity Project\Library\PackageCache\com.unity.collab-proxy@1.15.15\Lib\Editor\PlasticSCM\unityplastic.dll
Native extension for WindowsStandalone target not found
Refreshing native plugins compatible for Editor in 0.58 ms, found 2 plugins.
Preloading 0 native plugins for Editor in 0.00 ms.
Mono: successfully reloaded assembly
- Completed reload, in  0.973 seconds
Domain Reload Profiling:
	ReloadAssembly (973ms)
		BeginReloadAssembly (117ms)
			ExecutionOrderSort (0ms)
			DisableScriptedObjects (7ms)
			BackupInstance (0ms)
			ReleaseScriptingObjects (0ms)
			CreateAndSetChildDomain (33ms)
		EndReloadAssembly (794ms)
			LoadAssemblies (95ms)
			RebuildTransferFunctionScriptingTraits (0ms)
			SetupTypeCache (270ms)
			ReleaseScriptCaches (1ms)
			RebuildScriptCaches (38ms)
			SetupLoadedEditorAssemblies (295ms)
				LogAssemblyErrors (0ms)
				InitializePlatformSupportModulesInManaged (5ms)
				SetLoadedEditorAssemblies (0ms)
				RefreshPlugins (1ms)
				BeforeProcessingInitializeOnLoad (56ms)
				ProcessInitializeOnLoadAttributes (210ms)
				ProcessInitializeOnLoadMethodAttributes (17ms)
				AfterProcessingInitializeOnLoad (7ms)
				EditorAssembliesLoaded (0ms)
			ExecutionOrderSort2 (0ms)
			AwakeInstancesAfterBackupRestoration (8ms)
Platform modules already initialized, skipping
Refreshing native plugins compatible for Editor in 0.60 ms, found 2 plugins.
Preloading 0 native plugins for Editor in 0.00 ms.
Unloading 1894 Unused Serialized files (Serialized files now loaded: 0)
System memory in use before: 84.6 MB.
System memory in use after: 84.7 MB.

Unloading 31 unused Assets to reduce memory usage. Loaded Objects now: 2350.
Total: 2.726100 ms (FindLiveObjects: 0.148300 ms CreateObjectMapping: 0.050300 ms MarkObjects: 2.503300 ms  DeleteObjects: 0.023100 ms)

AssetImportParameters requested are different than current active one (requested -> active):
  custom:framework-win-MediaFoundation: 216162199b28c13a410421893ffa2e32 -> 
  custom:video-decoder-ogg-theora: a1e56fd34408186e4bbccfd4996cb3dc -> 
  custom:container-muxer-webm: aa71ff27fc2769a1b78a27578f13a17b -> 
  custom:container-demuxer-webm: 4f35f7cbe854078d1ac9338744f61a02 -> 
  custom:container-demuxer-ogg: 62fdf1f143b41e24485cea50d1cbac27 -> 
  custom:video-encoder-webm-vp8: eb34c28f22e8b96e1ab97ce403110664 -> 
  custom:video-decoder-webm-vp8: 9c59270c3fd7afecdb556c50c9e8de78 -> 
  custom:audio-decoder-ogg-vorbis: bf7c407c2cedff20999df2af8eb42d56 -> 
  custom:audio-encoder-webm-vorbis: bf7c407c2cedff20999df2af8eb42d56 -> 
========================================================================
Received Import Request.
  Time since last request: 269.634071 seconds.
  path: Assets/Creator Kit - RPG/Scenes/MainMenu.unity
  artifactKey: Guid(d6a5ec17178052f4e930e78d5eaa0de7) Importer(815301076,1909f56bfc062723c751e8b465ee728b)
Start importing Assets/Creator Kit - RPG/Scenes/MainMenu.unity using Guid(d6a5ec17178052f4e930e78d5eaa0de7) Importer(815301076,1909f56bfc062723c751e8b465ee728b)  -> (artifact id: '2d43e4ca18517c9d8406c8799aab735c') in 0.009721 seconds 
========================================================================
Received Prepare
Registering precompiled user dll's ...
Registered in 0.002582 seconds.
Begin MonoManager ReloadAssembly
Symbol file LoadedFromMemory doesn't match image D:\Unity\Unity_Projects\New Unity Project\Library\PackageCache\com.unity.collab-proxy@1.15.15\Lib\Editor\PlasticSCM\unityplastic.dll
Native extension for WindowsStandalone target not found
Refreshing native plugins compatible for Editor in 0.60 ms, found 2 plugins.
Preloading 0 native plugins for Editor in 0.00 ms.
Mono: successfully reloaded assembly
- Completed reload, in  0.949 seconds
Domain Reload Profiling:
	ReloadAssembly (950ms)
		BeginReloadAssembly (113ms)
			ExecutionOrderSort (0ms)
			DisableScriptedObjects (6ms)
			BackupInstance (0ms)
			ReleaseScriptingObjects (0ms)
			CreateAndSetChildDomain (31ms)
		EndReloadAssembly (770ms)
			LoadAssemblies (105ms)
			RebuildTransferFunctionScriptingTraits (0ms)
			SetupTypeCache (269ms)
			ReleaseScriptCaches (1ms)
			RebuildScriptCaches (39ms)
			SetupLoadedEditorAssemblies (266ms)
				LogAssemblyErrors (0ms)
				InitializePlatformSupportModulesInManaged (4ms)
				SetLoadedEditorAssemblies (0ms)
				RefreshPlugins (1ms)
				BeforeProcessingInitializeOnLoad (55ms)
				ProcessInitializeOnLoadAttributes (187ms)
				ProcessInitializeOnLoadMethodAttributes (11ms)
				AfterProcessingInitializeOnLoad (7ms)
				EditorAssembliesLoaded (0ms)
			ExecutionOrderSort2 (0ms)
			AwakeInstancesAfterBackupRestoration (11ms)
Platform modules already initialized, skipping
Refreshing native plugins compatible for Editor in 0.58 ms, found 2 plugins.
Preloading 0 native plugins for Editor in 0.00 ms.
Unloading 1894 Unused Serialized files (Serialized files now loaded: 0)
System memory in use before: 84.6 MB.
System memory in use after: 84.7 MB.

Unloading 31 unused Assets to reduce memory usage. Loaded Objects now: 2353.
Total: 2.750500 ms (FindLiveObjects: 0.156800 ms CreateObjectMapping: 0.051600 ms MarkObjects: 2.518200 ms  DeleteObjects: 0.023200 ms)

AssetImportParameters requested are different than current active one (requested -> active):
  custom:framework-win-MediaFoundation: 216162199b28c13a410421893ffa2e32 -> 
  custom:video-decoder-ogg-theora: a1e56fd34408186e4bbccfd4996cb3dc -> 
  custom:container-muxer-webm: aa71ff27fc2769a1b78a27578f13a17b -> 
  custom:container-demuxer-webm: 4f35f7cbe854078d1ac9338744f61a02 -> 
  custom:container-demuxer-ogg: 62fdf1f143b41e24485cea50d1cbac27 -> 
  custom:video-encoder-webm-vp8: eb34c28f22e8b96e1ab97ce403110664 -> 
  custom:video-decoder-webm-vp8: 9c59270c3fd7afecdb556c50c9e8de78 -> 
  custom:audio-decoder-ogg-vorbis: bf7c407c2cedff20999df2af8eb42d56 -> 
  custom:audio-encoder-webm-vorbis: bf7c407c2cedff20999df2af8eb42d56 -> 
========================================================================
Received Import Request.
  Time since last request: 66.309292 seconds.
  path: Assets/Creator Kit - RPG/Scenes/idino_forrest_map.unity
  artifactKey: Guid(0b98b753f520de14db709445b80d1408) Importer(815301076,1909f56bfc062723c751e8b465ee728b)
Start importing Assets/Creator Kit - RPG/Scenes/idino_forrest_map.unity using Guid(0b98b753f520de14db709445b80d1408) Importer(815301076,1909f56bfc062723c751e8b465ee728b)  -> (artifact id: 'f08f7c1d15bcb3b4c106cb483c4f59f7') in 0.009626 seconds 
========================================================================
Received Prepare
Registering precompiled user dll's ...
Registered in 0.002536 seconds.
Begin MonoManager ReloadAssembly
Symbol file LoadedFromMemory doesn't match image D:\Unity\Unity_Projects\New Unity Project\Library\PackageCache\com.unity.collab-proxy@1.15.15\Lib\Editor\PlasticSCM\unityplastic.dll
Native extension for WindowsStandalone target not found
Refreshing native plugins compatible for Editor in 0.58 ms, found 2 plugins.
Preloading 0 native plugins for Editor in 0.00 ms.
Mono: successfully reloaded assembly
- Completed reload, in  0.952 seconds
Domain Reload Profiling:
	ReloadAssembly (953ms)
		BeginReloadAssembly (114ms)
			ExecutionOrderSort (0ms)
			DisableScriptedObjects (6ms)
			BackupInstance (0ms)
			ReleaseScriptingObjects (0ms)
			CreateAndSetChildDomain (30ms)
		EndReloadAssembly (775ms)
			LoadAssemblies (97ms)
			RebuildTransferFunctionScriptingTraits (0ms)
			SetupTypeCache (275ms)
			ReleaseScriptCaches (1ms)
			RebuildScriptCaches (38ms)
			SetupLoadedEditorAssemblies (277ms)
				LogAssemblyErrors (0ms)
				InitializePlatformSupportModulesInManaged (5ms)
				SetLoadedEditorAssemblies (0ms)
				RefreshPlugins (1ms)
				BeforeProcessingInitializeOnLoad (62ms)
				ProcessInitializeOnLoadAttributes (188ms)
				ProcessInitializeOnLoadMethodAttributes (13ms)
				AfterProcessingInitializeOnLoad (8ms)
				EditorAssembliesLoaded (0ms)
			ExecutionOrderSort2 (0ms)
			AwakeInstancesAfterBackupRestoration (8ms)
Platform modules already initialized, skipping
Refreshing native plugins compatible for Editor in 0.60 ms, found 2 plugins.
Preloading 0 native plugins for Editor in 0.00 ms.
Unloading 1894 Unused Serialized files (Serialized files now loaded: 0)
System memory in use before: 84.6 MB.
System memory in use after: 84.7 MB.

Unloading 31 unused Assets to reduce memory usage. Loaded Objects now: 2356.
Total: 2.825600 ms (FindLiveObjects: 0.156700 ms CreateObjectMapping: 0.049800 ms MarkObjects: 2.592800 ms  DeleteObjects: 0.025400 ms)

AssetImportParameters requested are different than current active one (requested -> active):
  custom:framework-win-MediaFoundation: 216162199b28c13a410421893ffa2e32 -> 
  custom:video-decoder-ogg-theora: a1e56fd34408186e4bbccfd4996cb3dc -> 
  custom:container-muxer-webm: aa71ff27fc2769a1b78a27578f13a17b -> 
  custom:container-demuxer-webm: 4f35f7cbe854078d1ac9338744f61a02 -> 
  custom:container-demuxer-ogg: 62fdf1f143b41e24485cea50d1cbac27 -> 
  custom:video-encoder-webm-vp8: eb34c28f22e8b96e1ab97ce403110664 -> 
  custom:video-decoder-webm-vp8: 9c59270c3fd7afecdb556c50c9e8de78 -> 
  custom:audio-decoder-ogg-vorbis: bf7c407c2cedff20999df2af8eb42d56 -> 
  custom:audio-encoder-webm-vorbis: bf7c407c2cedff20999df2af8eb42d56 -> 
========================================================================
Received Import Request.
  Time since last request: 166.967508 seconds.
  path: Assets/Creator Kit - RPG/Art/Animations/Characters/Thief/Thief-Idle.anim
  artifactKey: Guid(c559fce4f820d4c6887c295d0fac2935) Importer(815301076,1909f56bfc062723c751e8b465ee728b)
Start importing Assets/Creator Kit - RPG/Art/Animations/Characters/Thief/Thief-Idle.anim using Guid(c559fce4f820d4c6887c295d0fac2935) Importer(815301076,1909f56bfc062723c751e8b465ee728b)  -> (artifact id: 'fc9d000f62d9142eeb119ca19f29edc8') in 0.022796 seconds 
========================================================================
Received Prepare
Registering precompiled user dll's ...
Registered in 0.002743 seconds.
Begin MonoManager ReloadAssembly
Symbol file LoadedFromMemory doesn't match image D:\Unity\Unity_Projects\New Unity Project\Library\PackageCache\com.unity.collab-proxy@1.15.15\Lib\Editor\PlasticSCM\unityplastic.dll
Native extension for WindowsStandalone target not found
Refreshing native plugins compatible for Editor in 0.60 ms, found 2 plugins.
Preloading 0 native plugins for Editor in 0.00 ms.
Mono: successfully reloaded assembly
- Completed reload, in  0.969 seconds
Domain Reload Profiling:
	ReloadAssembly (969ms)
		BeginReloadAssembly (106ms)
			ExecutionOrderSort (0ms)
			DisableScriptedObjects (6ms)
			BackupInstance (0ms)
			ReleaseScriptingObjects (0ms)
			CreateAndSetChildDomain (29ms)
		EndReloadAssembly (799ms)
			LoadAssemblies (92ms)
			RebuildTransferFunctionScriptingTraits (0ms)
			SetupTypeCache (259ms)
			ReleaseScriptCaches (1ms)
			RebuildScriptCaches (38ms)
			SetupLoadedEditorAssemblies (319ms)
				LogAssemblyErrors (0ms)
				InitializePlatformSupportModulesInManaged (5ms)
				SetLoadedEditorAssemblies (1ms)
				RefreshPlugins (1ms)
				BeforeProcessingInitializeOnLoad (63ms)
				ProcessInitializeOnLoadAttributes (231ms)
				ProcessInitializeOnLoadMethodAttributes (11ms)
				AfterProcessingInitializeOnLoad (7ms)
				EditorAssembliesLoaded (0ms)
			ExecutionOrderSort2 (0ms)
			AwakeInstancesAfterBackupRestoration (7ms)
Platform modules already initialized, skipping
Refreshing native plugins compatible for Editor in 0.81 ms, found 2 plugins.
Preloading 0 native plugins for Editor in 0.00 ms.
Unloading 1894 Unused Serialized files (Serialized files now loaded: 0)
System memory in use before: 84.6 MB.
System memory in use after: 84.7 MB.

Unloading 31 unused Assets to reduce memory usage. Loaded Objects now: 2359.
Total: 2.843900 ms (FindLiveObjects: 0.152100 ms CreateObjectMapping: 0.050300 ms MarkObjects: 2.616800 ms  DeleteObjects: 0.023900 ms)

AssetImportParameters requested are different than current active one (requested -> active):
  custom:framework-win-MediaFoundation: 216162199b28c13a410421893ffa2e32 -> 
  custom:video-decoder-ogg-theora: a1e56fd34408186e4bbccfd4996cb3dc -> 
  custom:container-muxer-webm: aa71ff27fc2769a1b78a27578f13a17b -> 
  custom:container-demuxer-webm: 4f35f7cbe854078d1ac9338744f61a02 -> 
  custom:container-demuxer-ogg: 62fdf1f143b41e24485cea50d1cbac27 -> 
  custom:video-encoder-webm-vp8: eb34c28f22e8b96e1ab97ce403110664 -> 
  custom:video-decoder-webm-vp8: 9c59270c3fd7afecdb556c50c9e8de78 -> 
  custom:audio-decoder-ogg-vorbis: bf7c407c2cedff20999df2af8eb42d56 -> 
  custom:audio-encoder-webm-vorbis: bf7c407c2cedff20999df2af8eb42d56 -> 
========================================================================
Received Prepare
Refreshing native plugins compatible for Editor in 5.13 ms, found 2 plugins.
Preloading 0 native plugins for Editor in 0.00 ms.
Unloading 29 Unused Serialized files (Serialized files now loaded: 0)
System memory in use before: 47.5 MB.
System memory in use after: 47.6 MB.

Unloading 29 unused Assets to reduce memory usage. Loaded Objects now: 2359.
Total: 2.809500 ms (FindLiveObjects: 0.154000 ms CreateObjectMapping: 0.049500 ms MarkObjects: 2.586700 ms  DeleteObjects: 0.018600 ms)

AssetImportParameters requested are different than current active one (requested -> active):
  custom:framework-win-MediaFoundation: 216162199b28c13a410421893ffa2e32 -> 
  custom:video-decoder-ogg-theora: a1e56fd34408186e4bbccfd4996cb3dc -> 
  custom:container-muxer-webm: aa71ff27fc2769a1b78a27578f13a17b -> 
  custom:container-demuxer-webm: 4f35f7cbe854078d1ac9338744f61a02 -> 
  custom:container-demuxer-ogg: 62fdf1f143b41e24485cea50d1cbac27 -> 
  custom:video-encoder-webm-vp8: eb34c28f22e8b96e1ab97ce403110664 -> 
  custom:video-decoder-webm-vp8: 9c59270c3fd7afecdb556c50c9e8de78 -> 
  custom:audio-decoder-ogg-vorbis: bf7c407c2cedff20999df2af8eb42d56 -> 
  custom:audio-encoder-webm-vorbis: bf7c407c2cedff20999df2af8eb42d56 -> 
========================================================================
Received Import Request.
  Time since last request: 108.068344 seconds.
  path: Assets/Creator Kit - RPG/Gameplay Prefabs/Environment/Animated Tree1.prefab
  artifactKey: Guid(d5abc895c284ea44aaf79bc56af78601) Importer(815301076,1909f56bfc062723c751e8b465ee728b)
Start importing Assets/Creator Kit - RPG/Gameplay Prefabs/Environment/Animated Tree1.prefab using Guid(d5abc895c284ea44aaf79bc56af78601) Importer(815301076,1909f56bfc062723c751e8b465ee728b)  -> (artifact id: '2ff920b92a89b35fc2f4afced05f0391') in 0.068655 seconds 
========================================================================
Received Import Request.
  Time since last request: 0.000191 seconds.
  path: Assets/Creator Kit - RPG/Gameplay Prefabs/Environment/Animated Tree3.prefab
  artifactKey: Guid(ff1fc1ae0e9ca2b41ae27dcecbb8fafb) Importer(815301076,1909f56bfc062723c751e8b465ee728b)
Start importing Assets/Creator Kit - RPG/Gameplay Prefabs/Environment/Animated Tree3.prefab using Guid(ff1fc1ae0e9ca2b41ae27dcecbb8fafb) Importer(815301076,1909f56bfc062723c751e8b465ee728b)  -> (artifact id: 'b7b8db1c7a08caaebe349d5d0814cbfe') in 0.019175 seconds 
========================================================================
Received Import Request.
  Time since last request: 0.000173 seconds.
  path: Assets/Creator Kit - RPG/Gameplay Prefabs/Environment/Animated Tree2.prefab
  artifactKey: Guid(bac955241638c274aabfa061ef026008) Importer(815301076,1909f56bfc062723c751e8b465ee728b)
Start importing Assets/Creator Kit - RPG/Gameplay Prefabs/Environment/Animated Tree2.prefab using Guid(bac955241638c274aabfa061ef026008) Importer(815301076,1909f56bfc062723c751e8b465ee728b)  -> (artifact id: '7d4d37f99cf3c74f7f41fee9fc0d03d0') in 0.032921 seconds 
========================================================================
Received Import Request.
  Time since last request: 0.000209 seconds.
  path: Assets/Creator Kit - RPG/Gameplay Prefabs/Environment/Leaves.prefab
  artifactKey: Guid(d377c9c5cc7e8448e9087960e6c26aec) Importer(815301076,1909f56bfc062723c751e8b465ee728b)
Start importing Assets/Creator Kit - RPG/Gameplay Prefabs/Environment/Leaves.prefab using Guid(d377c9c5cc7e8448e9087960e6c26aec) Importer(815301076,1909f56bfc062723c751e8b465ee728b)  -> (artifact id: '1475a3bc0c7c8c0a22c6944e122e7eed') in 0.013844 seconds 
========================================================================
Received Import Request.
  Time since last request: 1.093476 seconds.
  path: Assets/Creator Kit - RPG/Gameplay Prefabs/Decorations/Bush 0.prefab
  artifactKey: Guid(13dcf6dcf8e0f442e95d8714dcc4ba15) Importer(815301076,1909f56bfc062723c751e8b465ee728b)
Start importing Assets/Creator Kit - RPG/Gameplay Prefabs/Decorations/Bush 0.prefab using Guid(13dcf6dcf8e0f442e95d8714dcc4ba15) Importer(815301076,1909f56bfc062723c751e8b465ee728b)  -> (artifact id: 'e19a291631db4b5ff8d969e53e8f8456') in 0.010292 seconds 
========================================================================
Received Import Request.
  Time since last request: 0.000190 seconds.
  path: Assets/Creator Kit - RPG/Gameplay Prefabs/Decorations/Bush 2.prefab
  artifactKey: Guid(ba139b8176ffc426bb00fbe377dd704a) Importer(815301076,1909f56bfc062723c751e8b465ee728b)
Start importing Assets/Creator Kit - RPG/Gameplay Prefabs/Decorations/Bush 2.prefab using Guid(ba139b8176ffc426bb00fbe377dd704a) Importer(815301076,1909f56bfc062723c751e8b465ee728b)  -> (artifact id: '40d11a1047b3f9d218e97857a076c727') in 0.010427 seconds 
========================================================================
Received Import Request.
  Time since last request: 0.000204 seconds.
  path: Assets/Creator Kit - RPG/Gameplay Prefabs/Decorations/Bush 4.prefab
  artifactKey: Guid(0b28bc885bfce48d6bff8900da845cb0) Importer(815301076,1909f56bfc062723c751e8b465ee728b)
Start importing Assets/Creator Kit - RPG/Gameplay Prefabs/Decorations/Bush 4.prefab using Guid(0b28bc885bfce48d6bff8900da845cb0) Importer(815301076,1909f56bfc062723c751e8b465ee728b)  -> (artifact id: '75fa13595d65ff8b1869a2f30a7fbc26') in 0.010522 seconds 
========================================================================
Received Import Request.
  Time since last request: 0.000212 seconds.
  path: Assets/Creator Kit - RPG/Gameplay Prefabs/Decorations/Bush 3.prefab
  artifactKey: Guid(8ad5c786eb7b149c09ecc04090b5087d) Importer(815301076,1909f56bfc062723c751e8b465ee728b)
Start importing Assets/Creator Kit - RPG/Gameplay Prefabs/Decorations/Bush 3.prefab using Guid(8ad5c786eb7b149c09ecc04090b5087d) Importer(815301076,1909f56bfc062723c751e8b465ee728b)  -> (artifact id: '7301156a6b8ae68b2d103a101779f919') in 0.010652 seconds 
========================================================================
Received Import Request.
  Time since last request: 0.000195 seconds.
  path: Assets/Creator Kit - RPG/Gameplay Prefabs/Decorations/Bush 1.prefab
  artifactKey: Guid(71ba34d6d86b0486daec9d252186e8f3) Importer(815301076,1909f56bfc062723c751e8b465ee728b)
Start importing Assets/Creator Kit - RPG/Gameplay Prefabs/Decorations/Bush 1.prefab using Guid(71ba34d6d86b0486daec9d252186e8f3) Importer(815301076,1909f56bfc062723c751e8b465ee728b)  -> (artifact id: 'eeb0909f6d8a39f0aa1e7d9e8c2f7372') in 0.011082 seconds 
========================================================================
Received Import Request.
  Time since last request: 20.791067 seconds.
  path: Assets/Creator Kit - RPG/Scenes/MainMenu.unity
  artifactKey: Guid(d6a5ec17178052f4e930e78d5eaa0de7) Importer(815301076,1909f56bfc062723c751e8b465ee728b)
Start importing Assets/Creator Kit - RPG/Scenes/MainMenu.unity using Guid(d6a5ec17178052f4e930e78d5eaa0de7) Importer(815301076,1909f56bfc062723c751e8b465ee728b)  -> (artifact id: '3752adc61855b98cb8e61fe4d0bc3282') in 0.001921 seconds 
========================================================================
Received Import Request.
  Time since last request: 93.243520 seconds.
  path: Assets/Creator Kit - RPG/Scripts/Core/Schedule.cs
  artifactKey: Guid(3f159b421ea9f4995a2b8ec4303b9449) Importer(815301076,1909f56bfc062723c751e8b465ee728b)
Start importing Assets/Creator Kit - RPG/Scripts/Core/Schedule.cs using Guid(3f159b421ea9f4995a2b8ec4303b9449) Importer(815301076,1909f56bfc062723c751e8b465ee728b)  -> (artifact id: 'b85b1e05ba3852e1ee89b21edf4f89fa') in 0.007595 seconds 
========================================================================
Received Import Request.
  Time since last request: 19.665497 seconds.
  path: Assets/Creator Kit - RPG/Scripts/UI
  artifactKey: Guid(8df0271f5426b4bb5b065648105dc441) Importer(815301076,1909f56bfc062723c751e8b465ee728b)
Start importing Assets/Creator Kit - RPG/Scripts/UI using Guid(8df0271f5426b4bb5b065648105dc441) Importer(815301076,1909f56bfc062723c751e8b465ee728b)  -> (artifact id: 'feba3fb080f19583b2d528153d1a1794') in 0.005533 seconds 
========================================================================
Received Import Request.
  Time since last request: 7.351921 seconds.
  path: Assets/Creator Kit - RPG/Scripts/UI/InventoryController.cs
  artifactKey: Guid(44cdde1b94a2047fd8034240e6ee88e9) Importer(815301076,1909f56bfc062723c751e8b465ee728b)
Start importing Assets/Creator Kit - RPG/Scripts/UI/InventoryController.cs using Guid(44cdde1b94a2047fd8034240e6ee88e9) Importer(815301076,1909f56bfc062723c751e8b465ee728b)  -> (artifact id: 'e77100c3cbd860fe2468099fe57593d7') in 0.005241 seconds 
========================================================================
Received Import Request.
  Time since last request: 2.929160 seconds.
  path: Assets/Creator Kit - RPG/Scripts/UI/MessageBar.cs
  artifactKey: Guid(68a0dc1738be24ae5aa3dfbb13fbfd76) Importer(815301076,1909f56bfc062723c751e8b465ee728b)
Start importing Assets/Creator Kit - RPG/Scripts/UI/MessageBar.cs using Guid(68a0dc1738be24ae5aa3dfbb13fbfd76) Importer(815301076,1909f56bfc062723c751e8b465ee728b)  -> (artifact id: '56a9cfee0b0a3a84d7c2e27414f0ecf7') in 0.005490 seconds 
========================================================================
Received Import Request.
  Time since last request: 0.366074 seconds.
  path: Assets/Creator Kit - RPG/Scripts/UI/SpriteButton.cs
  artifactKey: Guid(eb2470ed2d4734fff84458c6c5b4ed70) Importer(815301076,1909f56bfc062723c751e8b465ee728b)
Start importing Assets/Creator Kit - RPG/Scripts/UI/SpriteButton.cs using Guid(eb2470ed2d4734fff84458c6c5b4ed70) Importer(815301076,1909f56bfc062723c751e8b465ee728b)  -> (artifact id: '435f204dff58256af7eedf6db4569f35') in 0.004819 seconds 
========================================================================
Received Import Request.
  Time since last request: 1.552907 seconds.
  path: Assets/Creator Kit - RPG/Scripts/UI/SpriteUIElement.cs
  artifactKey: Guid(7afd50120ed9741a0b85466bc10276d2) Importer(815301076,1909f56bfc062723c751e8b465ee728b)
Start importing Assets/Creator Kit - RPG/Scripts/UI/SpriteUIElement.cs using Guid(7afd50120ed9741a0b85466bc10276d2) Importer(815301076,1909f56bfc062723c751e8b465ee728b)  -> (artifact id: 'c9382299e48f74804418416b4c6ee5e9') in 0.005084 seconds 
========================================================================
Received Import Request.
  Time since last request: 1.514891 seconds.
  path: Assets/Creator Kit - RPG/Scripts/UI/TranslationAnimation.cs
  artifactKey: Guid(e519a462c07ea472fb2508218dfed2a7) Importer(815301076,1909f56bfc062723c751e8b465ee728b)
Start importing Assets/Creator Kit - RPG/Scripts/UI/TranslationAnimation.cs using Guid(e519a462c07ea472fb2508218dfed2a7) Importer(815301076,1909f56bfc062723c751e8b465ee728b)  -> (artifact id: '5764fc3c20f02deb5ac65e1b5cf71c38') in 0.005014 seconds 
========================================================================
Received Import Request.
  Time since last request: 1.593372 seconds.
  path: Assets/Creator Kit - RPG/Scripts/UI/UserInterfaceAudio.cs
  artifactKey: Guid(131fe1375758a427eb371f8539079ee5) Importer(815301076,1909f56bfc062723c751e8b465ee728b)
Start importing Assets/Creator Kit - RPG/Scripts/UI/UserInterfaceAudio.cs using Guid(131fe1375758a427eb371f8539079ee5) Importer(815301076,1909f56bfc062723c751e8b465ee728b)  -> (artifact id: '8a56ad92ebd4f1e2e5f8a95dfe785a1e') in 0.005109 seconds 
========================================================================
Received Import Request.
  Time since last request: 82.974664 seconds.
  path: Assets/Creator Kit - RPG/Audio/AudioMixer.mixer
  artifactKey: Guid(757bde2b477994d60bfff9141343ce02) Importer(815301076,1909f56bfc062723c751e8b465ee728b)
Start importing Assets/Creator Kit - RPG/Audio/AudioMixer.mixer using Guid(757bde2b477994d60bfff9141343ce02) Importer(815301076,1909f56bfc062723c751e8b465ee728b)  -> (artifact id: 'a66321792e908b94c5c6837e88fa8452') in 0.009076 seconds 
========================================================================
Received Import Request.
  Time since last request: 0.000194 seconds.
  path: Assets/Creator Kit - RPG/Audio/SFX_UIConfirm.ogg
  artifactKey: Guid(4352d1e8bbb9cb442bb61f248d9f4cf0) Importer(815301076,1909f56bfc062723c751e8b465ee728b)
Start importing Assets/Creator Kit - RPG/Audio/SFX_UIConfirm.ogg using Guid(4352d1e8bbb9cb442bb61f248d9f4cf0) Importer(815301076,1909f56bfc062723c751e8b465ee728b)  -> (artifact id: 'a6c2a7c006ce0e87c4bd381b06a4abb8') in 0.038777 seconds 
========================================================================
Received Import Request.
  Time since last request: 0.000191 seconds.
  path: Assets/Creator Kit - RPG/Audio/SFX_Voice01_07.ogg
  artifactKey: Guid(5dc6e903aa825574bb02ea7d176e23ee) Importer(815301076,1909f56bfc062723c751e8b465ee728b)
Start importing Assets/Creator Kit - RPG/Audio/SFX_Voice01_07.ogg using Guid(5dc6e903aa825574bb02ea7d176e23ee) Importer(815301076,1909f56bfc062723c751e8b465ee728b)  -> (artifact id: '092101a39a76f6f6a643dadded3dc2b9') in 0.012228 seconds 
========================================================================
Received Import Request.
  Time since last request: 0.000223 seconds.
  path: Assets/Creator Kit - RPG/Audio/SFX_SandFootstep03.ogg
  artifactKey: Guid(09d8499c275f57b4f92d20f3dd046823) Importer(815301076,1909f56bfc062723c751e8b465ee728b)
Start importing Assets/Creator Kit - RPG/Audio/SFX_SandFootstep03.ogg using Guid(09d8499c275f57b4f92d20f3dd046823) Importer(815301076,1909f56bfc062723c751e8b465ee728b)  -> (artifact id: '4d817bb43b5f8cb4bf904b0f936beb68') in 0.027092 seconds 
========================================================================
Received Import Request.
  Time since last request: 0.000184 seconds.
  path: Assets/Creator Kit - RPG/Audio/SFX_UINegative.ogg
  artifactKey: Guid(33479c043d2e80542bcff1bba0d7aa86) Importer(815301076,1909f56bfc062723c751e8b465ee728b)
Start importing Assets/Creator Kit - RPG/Audio/SFX_UINegative.ogg using Guid(33479c043d2e80542bcff1bba0d7aa86) Importer(815301076,1909f56bfc062723c751e8b465ee728b)  -> (artifact id: '1acb6d6214eaea3402335439d1ad5d6d') in 0.023002 seconds 
========================================================================
Received Import Request.
  Time since last request: 0.000202 seconds.
  path: Assets/Creator Kit - RPG/Audio/SFX_Voice01_08.ogg
  artifactKey: Guid(ce8cc5626c5d7274aa7d1f7c03746429) Importer(815301076,1909f56bfc062723c751e8b465ee728b)
Start importing Assets/Creator Kit - RPG/Audio/SFX_Voice01_08.ogg using Guid(ce8cc5626c5d7274aa7d1f7c03746429) Importer(815301076,1909f56bfc062723c751e8b465ee728b)  -> (artifact id: '2d60e1b65ddc8b0669672001ea059fed') in 0.027366 seconds 
========================================================================
Received Import Request.
  Time since last request: 0.000181 seconds.
  path: Assets/Creator Kit - RPG/Audio/SFX_SandFootstep01.ogg
  artifactKey: Guid(2e131117516c68c42a9eec1e25253e2e) Importer(815301076,1909f56bfc062723c751e8b465ee728b)
Start importing Assets/Creator Kit - RPG/Audio/SFX_SandFootstep01.ogg using Guid(2e131117516c68c42a9eec1e25253e2e) Importer(815301076,1909f56bfc062723c751e8b465ee728b)  -> (artifact id: '02408b9ff51e56e9f698c2d91a7d256f') in 0.015817 seconds 
========================================================================
Received Import Request.
  Time since last request: 0.000220 seconds.
  path: Assets/Creator Kit - RPG/Audio/SFX_UINavigate.ogg
  artifactKey: Guid(b9464d87cce98664b9bc8ebd54f6a769) Importer(815301076,1909f56bfc062723c751e8b465ee728b)
Start importing Assets/Creator Kit - RPG/Audio/SFX_UINavigate.ogg using Guid(b9464d87cce98664b9bc8ebd54f6a769) Importer(815301076,1909f56bfc062723c751e8b465ee728b)  -> (artifact id: '478c840eb5a27298ef0eb72714f4560e') in 0.016828 seconds 
========================================================================
Received Import Request.
  Time since last request: 0.000167 seconds.
  path: Assets/Creator Kit - RPG/Audio/SFX_SandFootstep02.ogg
  artifactKey: Guid(f662c7666af885b429024de463095609) Importer(815301076,1909f56bfc062723c751e8b465ee728b)
Start importing Assets/Creator Kit - RPG/Audio/SFX_SandFootstep02.ogg using Guid(f662c7666af885b429024de463095609) Importer(815301076,1909f56bfc062723c751e8b465ee728b)  -> (artifact id: 'd3ea046b43aae8b7deb584371b462c69') in 0.017248 seconds 
========================================================================
Received Import Request.
  Time since last request: 0.000174 seconds.
  path: Assets/Creator Kit - RPG/Audio/SFX_Voice01_02.ogg
  artifactKey: Guid(8f654c94c7f51274bbd91f149809a23a) Importer(815301076,1909f56bfc062723c751e8b465ee728b)
Start importing Assets/Creator Kit - RPG/Audio/SFX_Voice01_02.ogg using Guid(8f654c94c7f51274bbd91f149809a23a) Importer(815301076,1909f56bfc062723c751e8b465ee728b)  -> (artifact id: '860fd58c08dc8df4117e14c4cf227b8f') in 0.012562 seconds 
========================================================================
Received Import Request.
  Time since last request: 0.000191 seconds.
  path: Assets/Creator Kit - RPG/Audio/SFX_Voice01_06.ogg
  artifactKey: Guid(9db5b541c35f0ff41bac242c05a5d9dd) Importer(815301076,1909f56bfc062723c751e8b465ee728b)
Start importing Assets/Creator Kit - RPG/Audio/SFX_Voice01_06.ogg using Guid(9db5b541c35f0ff41bac242c05a5d9dd) Importer(815301076,1909f56bfc062723c751e8b465ee728b)  -> (artifact id: 'd87a9563cfd5d604faa0ef7dca6e7986') in 0.010352 seconds 
========================================================================
Received Import Request.
  Time since last request: 0.000188 seconds.
  path: Assets/Creator Kit - RPG/Audio/SFX_Voice01_05.ogg
  artifactKey: Guid(87596260a905cb54f8a948b92464555c) Importer(815301076,1909f56bfc062723c751e8b465ee728b)
Start importing Assets/Creator Kit - RPG/Audio/SFX_Voice01_05.ogg using Guid(87596260a905cb54f8a948b92464555c) Importer(815301076,1909f56bfc062723c751e8b465ee728b)  -> (artifact id: 'dc58e90d86f32129fe4d27e93d79a14d') in 0.011295 seconds 
========================================================================
Received Import Request.
  Time since last request: 0.000210 seconds.
  path: Assets/Creator Kit - RPG/Audio/SFX_Voice01_01.ogg
  artifactKey: Guid(c12c9679a9c033a49bc4d8dc1d66eafb) Importer(815301076,1909f56bfc062723c751e8b465ee728b)
Start importing Assets/Creator Kit - RPG/Audio/SFX_Voice01_01.ogg using Guid(c12c9679a9c033a49bc4d8dc1d66eafb) Importer(815301076,1909f56bfc062723c751e8b465ee728b)  -> (artifact id: 'dc1518dc0bf6522f9dc35e04dfa0e663') in 0.010500 seconds 
========================================================================
Received Import Request.
  Time since last request: 0.000218 seconds.
  path: Assets/Creator Kit - RPG/Audio/SFX_Voice01_03.ogg
  artifactKey: Guid(21554fbce2c5f704fa8305bf041c3082) Importer(815301076,1909f56bfc062723c751e8b465ee728b)
Start importing Assets/Creator Kit - RPG/Audio/SFX_Voice01_03.ogg using Guid(21554fbce2c5f704fa8305bf041c3082) Importer(815301076,1909f56bfc062723c751e8b465ee728b)  -> (artifact id: '2ce9a59a0d46a763d833deabf578f650') in 0.011044 seconds 
========================================================================
Received Import Request.
  Time since last request: 0.000171 seconds.
  path: Assets/Creator Kit - RPG/Audio/SFX_Voice01_04.ogg
  artifactKey: Guid(afc52bfa55fd3234fb1fc60b7d5f549a) Importer(815301076,1909f56bfc062723c751e8b465ee728b)
Start importing Assets/Creator Kit - RPG/Audio/SFX_Voice01_04.ogg using Guid(afc52bfa55fd3234fb1fc60b7d5f549a) Importer(815301076,1909f56bfc062723c751e8b465ee728b)  -> (artifact id: 'eb62711a4dbdc149b1f788019b6b1b8a') in 0.011775 seconds 
========================================================================
Received Import Request.
  Time since last request: 0.000193 seconds.
  path: Assets/Creator Kit - RPG/Audio/SFX_InsideFootstep03.ogg
  artifactKey: Guid(f87e8c2655f10d6438d911159343332c) Importer(815301076,1909f56bfc062723c751e8b465ee728b)
Start importing Assets/Creator Kit - RPG/Audio/SFX_InsideFootstep03.ogg using Guid(f87e8c2655f10d6438d911159343332c) Importer(815301076,1909f56bfc062723c751e8b465ee728b)  -> (artifact id: '859aee69c699da1e2a4abeb48c97d8d5') in 0.016175 seconds 
========================================================================
Received Import Request.
  Time since last request: 0.000179 seconds.
  path: Assets/Creator Kit - RPG/Audio/show-1.ogg
  artifactKey: Guid(46e6c79da3ec0f14f95bb09260978820) Importer(815301076,1909f56bfc062723c751e8b465ee728b)
Start importing Assets/Creator Kit - RPG/Audio/show-1.ogg using Guid(46e6c79da3ec0f14f95bb09260978820) Importer(815301076,1909f56bfc062723c751e8b465ee728b)  -> (artifact id: 'c9526a1c07ba59bf0b87125fc51455b4') in 0.012751 seconds 
========================================================================
Received Import Request.
  Time since last request: 25.859562 seconds.
  path: Assets/Creator Kit - RPG/Audio/AudioMixer.mixer
  artifactKey: Guid(757bde2b477994d60bfff9141343ce02) Importer(815301076,1909f56bfc062723c751e8b465ee728b)
Start importing Assets/Creator Kit - RPG/Audio/AudioMixer.mixer using Guid(757bde2b477994d60bfff9141343ce02) Importer(815301076,1909f56bfc062723c751e8b465ee728b)  -> (artifact id: '8b5bb8b45daf71f02a12f7ab4a2dffea') in 0.003561 seconds 
========================================================================
Received Import Request.
  Time since last request: 163.889937 seconds.
  path: Assets/Creator Kit - RPG/Scenes/idino_Vulkano_map.unity
  artifactKey: Guid(5e9a0741a9f1cf24a9e3f08d965f13d4) Importer(815301076,1909f56bfc062723c751e8b465ee728b)
Start importing Assets/Creator Kit - RPG/Scenes/idino_Vulkano_map.unity using Guid(5e9a0741a9f1cf24a9e3f08d965f13d4) Importer(815301076,1909f56bfc062723c751e8b465ee728b)  -> (artifact id: '0ae0870482d4e6e204f04b61effcb5b9') in 0.005800 seconds 
========================================================================
Received Import Request.
  Time since last request: 12.755731 seconds.
  path: Assets/Creator Kit - RPG/Scenes/MainMenu.unity
  artifactKey: Guid(d6a5ec17178052f4e930e78d5eaa0de7) Importer(815301076,1909f56bfc062723c751e8b465ee728b)
Start importing Assets/Creator Kit - RPG/Scenes/MainMenu.unity using Guid(d6a5ec17178052f4e930e78d5eaa0de7) Importer(815301076,1909f56bfc062723c751e8b465ee728b)  -> (artifact id: '4b58697c5f7c61795d289a2197d032b8') in 0.005468 seconds 
========================================================================
Received Import Request.
  Time since last request: 1.832881 seconds.
  path: Assets/Creator Kit - RPG/Scenes/TitleScreen.unity
  artifactKey: Guid(957795a126b39ac4bbfb2e7182ffbde1) Importer(815301076,1909f56bfc062723c751e8b465ee728b)
Start importing Assets/Creator Kit - RPG/Scenes/TitleScreen.unity using Guid(957795a126b39ac4bbfb2e7182ffbde1) Importer(815301076,1909f56bfc062723c751e8b465ee728b)  -> (artifact id: '4957c0d25900191751a6fd49f44e9e15') in 0.005334 seconds 
========================================================================
Received Import Request.
  Time since last request: 9.257241 seconds.
  path: Assets/Creator Kit - RPG/Scenes/idino_Vulkano_map.unity
  artifactKey: Guid(5e9a0741a9f1cf24a9e3f08d965f13d4) Importer(815301076,1909f56bfc062723c751e8b465ee728b)
Start importing Assets/Creator Kit - RPG/Scenes/idino_Vulkano_map.unity using Guid(5e9a0741a9f1cf24a9e3f08d965f13d4) Importer(815301076,1909f56bfc062723c751e8b465ee728b)  -> (artifact id: '01941c0f9f944266d6ffb83fa31592cf') in 0.001826 seconds 
========================================================================
Received Prepare
Refreshing native plugins compatible for Editor in 5.19 ms, found 2 plugins.
Preloading 0 native plugins for Editor in 0.00 ms.
Unloading 29 Unused Serialized files (Serialized files now loaded: 0)
System memory in use before: 48.2 MB.
System memory in use after: 48.3 MB.

Unloading 29 unused Assets to reduce memory usage. Loaded Objects now: 2366.
Total: 3.558900 ms (FindLiveObjects: 0.166600 ms CreateObjectMapping: 0.049900 ms MarkObjects: 3.315300 ms  DeleteObjects: 0.026000 ms)

AssetImportParameters requested are different than current active one (requested -> active):
  custom:framework-win-MediaFoundation: 216162199b28c13a410421893ffa2e32 -> 
  custom:video-decoder-ogg-theora: a1e56fd34408186e4bbccfd4996cb3dc -> 
  custom:container-muxer-webm: aa71ff27fc2769a1b78a27578f13a17b -> 
  custom:container-demuxer-webm: 4f35f7cbe854078d1ac9338744f61a02 -> 
  custom:container-demuxer-ogg: 62fdf1f143b41e24485cea50d1cbac27 -> 
  custom:video-encoder-webm-vp8: eb34c28f22e8b96e1ab97ce403110664 -> 
  custom:video-decoder-webm-vp8: 9c59270c3fd7afecdb556c50c9e8de78 -> 
  custom:audio-decoder-ogg-vorbis: bf7c407c2cedff20999df2af8eb42d56 -> 
  custom:audio-encoder-webm-vorbis: bf7c407c2cedff20999df2af8eb42d56 -> 
AssetImportWorkerClient::OnTransportError - code=2 error=End of file
